#
# There is insufficient memory for the Java Runtime Environment to continue.
# Native memory allocation (mmap) failed to map 46137344 bytes. Error detail: G1 virtual space
# Possible reasons:
#   The system is out of physical RAM or swap space
#   This process is running with CompressedOops enabled, and the Java Heap may be blocking the growth of the native heap
# Possible solutions:
#   Reduce memory load on the system
#   Increase physical memory or swap space
#   Check if swap backing store is full
#   Decrease Java heap size (-Xmx/-Xms)
#   Decrease number of Java threads
#   Decrease Java thread stack sizes (-Xss)
#   Set larger code cache with -XX:ReservedCodeCacheSize=
#   JVM is running with Unscaled Compressed Oops mode in which the Java heap is
#     placed in the first 4GB address space. The Java Heap base address is the
#     maximum limit for the native heap growth. Please use -XX:HeapBaseMinAddress
#     to set the Java Heap base and to place the Java Heap above 4GB virtual address.
# This output file may be truncated or incomplete.
#
#  Out of Memory Error (os_windows.cpp:3828), pid=15972, tid=2444
#
# JRE version: OpenJDK Runtime Environment (21.0.5) (build 21.0.5+-12932927-b750.29)
# Java VM: OpenJDK 64-Bit Server VM (21.0.5+-12932927-b750.29, mixed mode, tiered, compressed oops, compressed class ptrs, g1 gc, windows-amd64)
# No core dump will be written. Minidumps are not enabled by default on client versions of Windows
#

---------------  S U M M A R Y ------------

Command Line: org.jetbrains.kotlin.cli.jvm.K2JVMCompiler @D:\SpydarSense\App\app\build\20250221_8306758547073203295.compiler.options

Host: 11th Gen Intel(R) Core(TM) i5-11400H @ 2.70GHz, 12 cores, 7G,  Windows 11 , 64 bit Build 26100 (10.0.26100.1591)
Time: Fri Feb 21 21:54:45 2025 Pakistan Standard Time elapsed time: 4.880428 seconds (0d 0h 0m 4s)

---------------  T H R E A D  ---------------

Current thread (0x000001c312fed8f0):  VMThread "VM Thread"          [id=2444, stack(0x0000001a5ea00000,0x0000001a5eb00000) (1024K)]

Stack: [0x0000001a5ea00000,0x0000001a5eb00000]
Native frames: (J=compiled Java code, j=interpreted, Vv=VM code, C=native code)
V  [jvm.dll+0x6cfb29]
V  [jvm.dll+0x85ded3]
V  [jvm.dll+0x86042e]
V  [jvm.dll+0x860b13]
V  [jvm.dll+0x27e6b6]
V  [jvm.dll+0x6cc385]
V  [jvm.dll+0x6c078a]
V  [jvm.dll+0x35525b]
V  [jvm.dll+0x35ceb6]
V  [jvm.dll+0x3aedd6]
V  [jvm.dll+0x3af0a8]
V  [jvm.dll+0x32792c]
V  [jvm.dll+0x3279b7]
V  [jvm.dll+0x36d80c]
V  [jvm.dll+0x36bfbe]
V  [jvm.dll+0x327081]
V  [jvm.dll+0x36b6d0]
V  [jvm.dll+0x866898]
V  [jvm.dll+0x867c14]
V  [jvm.dll+0x868150]
V  [jvm.dll+0x8683e3]
V  [jvm.dll+0x806368]
V  [jvm.dll+0x6ce3fd]
C  [ucrtbase.dll+0x14ea0]
C  [KERNEL32.DLL+0x2dbe7]
C  [ntdll.dll+0x85a6c]

VM_Operation (0x0000001a5e3fc850): G1CollectForAllocation, mode: safepoint, requested by thread 0x000001c31300f760


---------------  P R O C E S S  ---------------

Threads class SMR info:
_java_thread_list=0x000001c3332b1840, length=13, elements={
0x000001c31300f760, 0x000001c33109e9b0, 0x000001c3310a1410, 0x000001c3310a44e0,
0x000001c3310a2250, 0x000001c3310a2ca0, 0x000001c33108afa0, 0x000001c33108b9f0,
0x000001c33108c480, 0x000001c33126bfb0, 0x000001c3312669b0, 0x000001c331270f40,
0x000001c3332bc6d0
}

Java Threads: ( => current thread )
  0x000001c31300f760 JavaThread "main"                              [_thread_blocked, id=16236, stack(0x0000001a5e300000,0x0000001a5e400000) (1024K)]
  0x000001c33109e9b0 JavaThread "Reference Handler"          daemon [_thread_blocked, id=10480, stack(0x0000001a5eb00000,0x0000001a5ec00000) (1024K)]
  0x000001c3310a1410 JavaThread "Finalizer"                  daemon [_thread_blocked, id=6716, stack(0x0000001a5ec00000,0x0000001a5ed00000) (1024K)]
  0x000001c3310a44e0 JavaThread "Signal Dispatcher"          daemon [_thread_blocked, id=13600, stack(0x0000001a5ed00000,0x0000001a5ee00000) (1024K)]
  0x000001c3310a2250 JavaThread "Attach Listener"            daemon [_thread_blocked, id=11212, stack(0x0000001a5ee00000,0x0000001a5ef00000) (1024K)]
  0x000001c3310a2ca0 JavaThread "Service Thread"             daemon [_thread_blocked, id=4724, stack(0x0000001a5ef00000,0x0000001a5f000000) (1024K)]
  0x000001c33108afa0 JavaThread "Monitor Deflation Thread"   daemon [_thread_blocked, id=16832, stack(0x0000001a5f000000,0x0000001a5f100000) (1024K)]
  0x000001c33108b9f0 JavaThread "C2 CompilerThread0"         daemon [_thread_blocked, id=13128, stack(0x0000001a5f100000,0x0000001a5f200000) (1024K)]
  0x000001c33108c480 JavaThread "C1 CompilerThread0"         daemon [_thread_blocked, id=11736, stack(0x0000001a5f200000,0x0000001a5f300000) (1024K)]
  0x000001c33126bfb0 JavaThread "Notification Thread"        daemon [_thread_blocked, id=12904, stack(0x0000001a5f300000,0x0000001a5f400000) (1024K)]
  0x000001c3312669b0 JavaThread "Common-Cleaner"             daemon [_thread_blocked, id=3068, stack(0x0000001a5f400000,0x0000001a5f500000) (1024K)]
  0x000001c331270f40 JavaThread "C2 CompilerThread1"         daemon [_thread_blocked, id=6328, stack(0x0000001a5f500000,0x0000001a5f600000) (1024K)]
  0x000001c3332bc6d0 JavaThread "C2 CompilerThread2"         daemon [_thread_blocked, id=11684, stack(0x0000001a5f600000,0x0000001a5f700000) (1024K)]
Total: 13

Other Threads:
=>0x000001c312fed8f0 VMThread "VM Thread"                           [id=2444, stack(0x0000001a5ea00000,0x0000001a5eb00000) (1024K)]
  0x000001c32cc1cc10 WatcherThread "VM Periodic Task Thread"        [id=12860, stack(0x0000001a5e900000,0x0000001a5ea00000) (1024K)]
  0x000001c312feeb10 WorkerThread "GC Thread#0"                     [id=1904, stack(0x0000001a5e400000,0x0000001a5e500000) (1024K)]
  0x000001c331855ff0 WorkerThread "GC Thread#1"                     [id=13536, stack(0x0000001a5f700000,0x0000001a5f800000) (1024K)]
  0x000001c331857cf0 WorkerThread "GC Thread#2"                     [id=8496, stack(0x0000001a5f800000,0x0000001a5f900000) (1024K)]
  0x000001c331854dd0 WorkerThread "GC Thread#3"                     [id=17964, stack(0x0000001a5f900000,0x0000001a5fa00000) (1024K)]
  0x000001c331856390 WorkerThread "GC Thread#4"                     [id=17976, stack(0x0000001a5fa00000,0x0000001a5fb00000) (1024K)]
  0x000001c331857950 WorkerThread "GC Thread#5"                     [id=9608, stack(0x0000001a5fb00000,0x0000001a5fc00000) (1024K)]
  0x000001c3318558b0 WorkerThread "GC Thread#6"                     [id=9792, stack(0x0000001a5fc00000,0x0000001a5fd00000) (1024K)]
  0x000001c331856730 WorkerThread "GC Thread#7"                     [id=14580, stack(0x0000001a5fd00000,0x0000001a5fe00000) (1024K)]
  0x000001c331855510 WorkerThread "GC Thread#8"                     [id=10380, stack(0x0000001a5fe00000,0x0000001a5ff00000) (1024K)]
  0x000001c331856ad0 WorkerThread "GC Thread#9"                     [id=8544, stack(0x0000001a60100000,0x0000001a60200000) (1024K)]
  0x000001c31533c610 ConcurrentGCThread "G1 Main Marker"            [id=12488, stack(0x0000001a5e500000,0x0000001a5e600000) (1024K)]
  0x000001c312fedc90 WorkerThread "G1 Conc#0"                       [id=5484, stack(0x0000001a5e600000,0x0000001a5e700000) (1024K)]
  0x000001c331855170 WorkerThread "G1 Conc#1"                       [id=15932, stack(0x0000001a5ff00000,0x0000001a60000000) (1024K)]
  0x000001c331855c50 WorkerThread "G1 Conc#2"                       [id=4208, stack(0x0000001a60000000,0x0000001a60100000) (1024K)]
  0x000001c32cae5610 ConcurrentGCThread "G1 Refine#0"               [id=16792, stack(0x0000001a5e700000,0x0000001a5e800000) (1024K)]
  0x000001c32cae6020 ConcurrentGCThread "G1 Service"                [id=13208, stack(0x0000001a5e800000,0x0000001a5e900000) (1024K)]
Total: 18

Threads with active compile tasks:
C2 CompilerThread0  4889 7158       4       org.jetbrains.kotlin.fir.java.deserialization.JvmBinaryAnnotationDeserializer::loadTypeAnnotations (147 bytes)
C1 CompilerThread0  4889 7190       3       org.jetbrains.kotlin.types.AbstractStrictEqualityTypeChecker::strictEqualSimpleTypes (248 bytes)
C2 CompilerThread1  4889 7153       4       org.jetbrains.kotlin.fir.CopyUtilsKt::computeTypeAttributes (509 bytes)
C2 CompilerThread2  4889 7150       4       org.jetbrains.kotlin.fir.deserialization.FirTypeDeserializer::typeRef (87 bytes)
Total: 4

VM state: at safepoint (normal execution)

VM Mutex/Monitor currently owned by a thread:  ([mutex/lock_event])
[0x00007ffc62a7d360] Threads_lock - owner thread: 0x000001c312fed8f0
[0x00007ffc62a7d460] Heap_lock - owner thread: 0x000001c31300f760

Heap address: 0x0000000085a00000, size: 1958 MB, Compressed Oops mode: 32-bit

CDS archive(s) not mapped
Compressed class space mapped at: 0x0000000100000000-0x0000000140000000, reserved size: 1073741824
Narrow klass base: 0x0000000000000000, Narrow klass shift: 3, Narrow klass range: 0x140000000

GC Precious Log:
 CardTable entry size: 512
 Card Set container configuration: InlinePtr #cards 5 size 8 Array Of Cards #cards 12 size 40 Howl #buckets 4 coarsen threshold 1843 Howl Bitmap #cards 512 size 80 coarsen threshold 460 Card regions per heap region 1 cards per card region 2048
 CPUs: 12 total, 12 available
 Memory: 7829M
 Large Page Support: Disabled
 NUMA Support: Disabled
 Compressed Oops: Enabled (32-bit)
 Heap Region Size: 1M
 Heap Min Capacity: 8M
 Heap Initial Capacity: 124M
 Heap Max Capacity: 1958M
 Pre-touch: Disabled
 Parallel Workers: 10
 Concurrent Workers: 3
 Concurrent Refinement Workers: 10
 Periodic GC: Disabled

Heap:
 garbage-first heap   total 132096K, used 78848K [0x0000000085a00000, 0x0000000100000000)
  region size 1024K, 4 young (4096K), 4 survivors (4096K)
 Metaspace       used 63111K, committed 63488K, reserved 1114112K
  class space    used 6932K, committed 7104K, reserved 1048576K

Heap Regions: E=young(eden), S=young(survivor), O=old, HS=humongous(starts), HC=humongous(continues), CS=collection set, F=free, TAMS=top-at-mark-start, PB=parsable bottom
|   0|0x0000000085a00000, 0x0000000085b00000, 0x0000000085b00000|100%|HS|  |TAMS 0x0000000085b00000| PB 0x0000000085a00000| Complete 
|   1|0x0000000085b00000, 0x0000000085c00000, 0x0000000085c00000|100%|HC|  |TAMS 0x0000000085c00000| PB 0x0000000085b00000| Complete 
|   2|0x0000000085c00000, 0x0000000085d00000, 0x0000000085d00000|100%|HC|  |TAMS 0x0000000085d00000| PB 0x0000000085c00000| Complete 
|   3|0x0000000085d00000, 0x0000000085e00000, 0x0000000085e00000|100%| O|  |TAMS 0x0000000085e00000| PB 0x0000000085d00000| Untracked 
|   4|0x0000000085e00000, 0x0000000085f00000, 0x0000000085f00000|100%| O|  |TAMS 0x0000000085f00000| PB 0x0000000085e00000| Untracked 
|   5|0x0000000085f00000, 0x0000000086000000, 0x0000000086000000|100%| O|  |TAMS 0x0000000086000000| PB 0x0000000085f00000| Untracked 
|   6|0x0000000086000000, 0x0000000086100000, 0x0000000086100000|100%| O|  |TAMS 0x0000000086100000| PB 0x0000000086000000| Untracked 
|   7|0x0000000086100000, 0x0000000086200000, 0x0000000086200000|100%| O|  |TAMS 0x0000000086200000| PB 0x0000000086100000| Untracked 
|   8|0x0000000086200000, 0x0000000086300000, 0x0000000086300000|100%| O|  |TAMS 0x0000000086300000| PB 0x0000000086200000| Untracked 
|   9|0x0000000086300000, 0x0000000086400000, 0x0000000086400000|100%| O|  |TAMS 0x0000000086400000| PB 0x0000000086300000| Untracked 
|  10|0x0000000086400000, 0x0000000086500000, 0x0000000086500000|100%| O|  |TAMS 0x0000000086500000| PB 0x0000000086400000| Untracked 
|  11|0x0000000086500000, 0x0000000086600000, 0x0000000086600000|100%| O|  |TAMS 0x0000000086600000| PB 0x0000000086500000| Untracked 
|  12|0x0000000086600000, 0x0000000086700000, 0x0000000086700000|100%| O|  |TAMS 0x0000000086700000| PB 0x0000000086600000| Untracked 
|  13|0x0000000086700000, 0x0000000086800000, 0x0000000086800000|100%| O|  |TAMS 0x0000000086800000| PB 0x0000000086700000| Untracked 
|  14|0x0000000086800000, 0x0000000086900000, 0x0000000086900000|100%| O|  |TAMS 0x0000000086900000| PB 0x0000000086800000| Untracked 
|  15|0x0000000086900000, 0x0000000086a00000, 0x0000000086a00000|100%| O|  |TAMS 0x0000000086a00000| PB 0x0000000086900000| Untracked 
|  16|0x0000000086a00000, 0x0000000086b00000, 0x0000000086b00000|100%| O|  |TAMS 0x0000000086b00000| PB 0x0000000086a00000| Untracked 
|  17|0x0000000086b00000, 0x0000000086c00000, 0x0000000086c00000|100%| O|  |TAMS 0x0000000086c00000| PB 0x0000000086b00000| Untracked 
|  18|0x0000000086c00000, 0x0000000086d00000, 0x0000000086d00000|100%| O|  |TAMS 0x0000000086d00000| PB 0x0000000086c00000| Untracked 
|  19|0x0000000086d00000, 0x0000000086e00000, 0x0000000086e00000|100%| O|  |TAMS 0x0000000086e00000| PB 0x0000000086d00000| Untracked 
|  20|0x0000000086e00000, 0x0000000086f00000, 0x0000000086f00000|100%|HS|  |TAMS 0x0000000086f00000| PB 0x0000000086e00000| Complete 
|  21|0x0000000086f00000, 0x0000000087000000, 0x0000000087000000|100%| O|  |TAMS 0x0000000087000000| PB 0x0000000086f00000| Untracked 
|  22|0x0000000087000000, 0x0000000087100000, 0x0000000087100000|100%| O|  |TAMS 0x0000000087100000| PB 0x0000000087000000| Untracked 
|  23|0x0000000087100000, 0x0000000087200000, 0x0000000087200000|100%| O|  |TAMS 0x0000000087200000| PB 0x0000000087100000| Untracked 
|  24|0x0000000087200000, 0x0000000087300000, 0x0000000087300000|100%| O|  |TAMS 0x0000000087300000| PB 0x0000000087200000| Untracked 
|  25|0x0000000087300000, 0x0000000087400000, 0x0000000087400000|100%| O|  |TAMS 0x0000000087400000| PB 0x0000000087300000| Untracked 
|  26|0x0000000087400000, 0x0000000087500000, 0x0000000087500000|100%| O|  |TAMS 0x0000000087500000| PB 0x0000000087400000| Untracked 
|  27|0x0000000087500000, 0x0000000087600000, 0x0000000087600000|100%| O|  |TAMS 0x0000000087600000| PB 0x0000000087500000| Untracked 
|  28|0x0000000087600000, 0x0000000087700000, 0x0000000087700000|100%| O|  |TAMS 0x0000000087700000| PB 0x0000000087600000| Untracked 
|  29|0x0000000087700000, 0x0000000087800000, 0x0000000087800000|100%| O|  |TAMS 0x0000000087800000| PB 0x0000000087700000| Untracked 
|  30|0x0000000087800000, 0x0000000087900000, 0x0000000087900000|100%| O|  |TAMS 0x0000000087900000| PB 0x0000000087800000| Untracked 
|  31|0x0000000087900000, 0x0000000087a00000, 0x0000000087a00000|100%| O|  |TAMS 0x0000000087a00000| PB 0x0000000087900000| Untracked 
|  32|0x0000000087a00000, 0x0000000087b00000, 0x0000000087b00000|100%| O|  |TAMS 0x0000000087b00000| PB 0x0000000087a00000| Untracked 
|  33|0x0000000087b00000, 0x0000000087c00000, 0x0000000087c00000|100%| O|  |TAMS 0x0000000087c00000| PB 0x0000000087b00000| Untracked 
|  34|0x0000000087c00000, 0x0000000087d00000, 0x0000000087d00000|100%| O|  |TAMS 0x0000000087d00000| PB 0x0000000087c00000| Untracked 
|  35|0x0000000087d00000, 0x0000000087e00000, 0x0000000087e00000|100%| O|  |TAMS 0x0000000087e00000| PB 0x0000000087d00000| Untracked 
|  36|0x0000000087e00000, 0x0000000087f00000, 0x0000000087f00000|100%| O|  |TAMS 0x0000000087f00000| PB 0x0000000087e00000| Untracked 
|  37|0x0000000087f00000, 0x0000000088000000, 0x0000000088000000|100%| O|  |TAMS 0x0000000088000000| PB 0x0000000087f00000| Untracked 
|  38|0x0000000088000000, 0x0000000088100000, 0x0000000088100000|100%| O|  |TAMS 0x0000000088100000| PB 0x0000000088000000| Untracked 
|  39|0x0000000088100000, 0x0000000088200000, 0x0000000088200000|100%| O|  |TAMS 0x0000000088200000| PB 0x0000000088100000| Untracked 
|  40|0x0000000088200000, 0x0000000088300000, 0x0000000088300000|100%| O|  |TAMS 0x0000000088300000| PB 0x0000000088200000| Untracked 
|  41|0x0000000088300000, 0x0000000088400000, 0x0000000088400000|100%| O|  |TAMS 0x0000000088400000| PB 0x0000000088300000| Untracked 
|  42|0x0000000088400000, 0x0000000088500000, 0x0000000088500000|100%| O|  |TAMS 0x0000000088500000| PB 0x0000000088400000| Untracked 
|  43|0x0000000088500000, 0x0000000088600000, 0x0000000088600000|100%| O|  |TAMS 0x0000000088600000| PB 0x0000000088500000| Untracked 
|  44|0x0000000088600000, 0x0000000088700000, 0x0000000088700000|100%| O|  |TAMS 0x0000000088700000| PB 0x0000000088600000| Untracked 
|  45|0x0000000088700000, 0x0000000088800000, 0x0000000088800000|100%| O|  |TAMS 0x0000000088800000| PB 0x0000000088700000| Untracked 
|  46|0x0000000088800000, 0x0000000088900000, 0x0000000088900000|100%| O|  |TAMS 0x0000000088900000| PB 0x0000000088800000| Untracked 
|  47|0x0000000088900000, 0x0000000088a00000, 0x0000000088a00000|100%| O|  |TAMS 0x0000000088a00000| PB 0x0000000088900000| Untracked 
|  48|0x0000000088a00000, 0x0000000088b00000, 0x0000000088b00000|100%| O|  |TAMS 0x0000000088b00000| PB 0x0000000088a00000| Untracked 
|  49|0x0000000088b00000, 0x0000000088c00000, 0x0000000088c00000|100%| O|  |TAMS 0x0000000088c00000| PB 0x0000000088b00000| Untracked 
|  50|0x0000000088c00000, 0x0000000088d00000, 0x0000000088d00000|100%| O|  |TAMS 0x0000000088d00000| PB 0x0000000088c00000| Untracked 
|  51|0x0000000088d00000, 0x0000000088e00000, 0x0000000088e00000|100%| O|  |TAMS 0x0000000088e00000| PB 0x0000000088d00000| Untracked 
|  52|0x0000000088e00000, 0x0000000088f00000, 0x0000000088f00000|100%| O|  |TAMS 0x0000000088f00000| PB 0x0000000088e00000| Untracked 
|  53|0x0000000088f00000, 0x0000000089000000, 0x0000000089000000|100%| O|  |TAMS 0x0000000089000000| PB 0x0000000088f00000| Untracked 
|  54|0x0000000089000000, 0x0000000089100000, 0x0000000089100000|100%| O|  |TAMS 0x0000000089100000| PB 0x0000000089000000| Untracked 
|  55|0x0000000089100000, 0x0000000089200000, 0x0000000089200000|100%| O|  |TAMS 0x0000000089200000| PB 0x0000000089100000| Untracked 
|  56|0x0000000089200000, 0x0000000089300000, 0x0000000089300000|100%| O|  |TAMS 0x0000000089300000| PB 0x0000000089200000| Untracked 
|  57|0x0000000089300000, 0x0000000089400000, 0x0000000089400000|100%| O|  |TAMS 0x0000000089400000| PB 0x0000000089300000| Untracked 
|  58|0x0000000089400000, 0x0000000089500000, 0x0000000089500000|100%| O|  |TAMS 0x0000000089500000| PB 0x0000000089400000| Untracked 
|  59|0x0000000089500000, 0x0000000089600000, 0x0000000089600000|100%| O|  |TAMS 0x0000000089600000| PB 0x0000000089500000| Untracked 
|  60|0x0000000089600000, 0x0000000089700000, 0x0000000089700000|100%| O|  |TAMS 0x0000000089700000| PB 0x0000000089600000| Untracked 
|  61|0x0000000089700000, 0x0000000089800000, 0x0000000089800000|100%| O|  |TAMS 0x0000000089800000| PB 0x0000000089700000| Untracked 
|  62|0x0000000089800000, 0x0000000089900000, 0x0000000089900000|100%| O|  |TAMS 0x0000000089900000| PB 0x0000000089800000| Untracked 
|  63|0x0000000089900000, 0x0000000089a00000, 0x0000000089a00000|100%| O|  |TAMS 0x0000000089a00000| PB 0x0000000089900000| Untracked 
|  64|0x0000000089a00000, 0x0000000089b00000, 0x0000000089b00000|100%| O|  |TAMS 0x0000000089a80000| PB 0x0000000089a00000| Untracked 
|  65|0x0000000089b00000, 0x0000000089c00000, 0x0000000089c00000|100%| O|  |TAMS 0x0000000089b00000| PB 0x0000000089b00000| Untracked 
|  66|0x0000000089c00000, 0x0000000089d00000, 0x0000000089d00000|100%| O|  |TAMS 0x0000000089c00000| PB 0x0000000089c00000| Untracked 
|  67|0x0000000089d00000, 0x0000000089e00000, 0x0000000089e00000|100%| O|  |TAMS 0x0000000089d00000| PB 0x0000000089d00000| Untracked 
|  68|0x0000000089e00000, 0x0000000089f00000, 0x0000000089f00000|100%| O|  |TAMS 0x0000000089e00000| PB 0x0000000089e00000| Untracked 
|  69|0x0000000089f00000, 0x000000008a000000, 0x000000008a000000|100%| O|  |TAMS 0x0000000089f00000| PB 0x0000000089f00000| Untracked 
|  70|0x000000008a000000, 0x000000008a100000, 0x000000008a100000|100%| O|  |TAMS 0x000000008a000000| PB 0x000000008a000000| Untracked 
|  71|0x000000008a100000, 0x000000008a100000, 0x000000008a200000|  0%| F|  |TAMS 0x000000008a100000| PB 0x000000008a100000| Untracked 
|  72|0x000000008a200000, 0x000000008a200000, 0x000000008a300000|  0%| F|  |TAMS 0x000000008a200000| PB 0x000000008a200000| Untracked 
|  73|0x000000008a300000, 0x000000008a300000, 0x000000008a400000|  0%| F|  |TAMS 0x000000008a300000| PB 0x000000008a300000| Untracked 
|  74|0x000000008a400000, 0x000000008a400000, 0x000000008a500000|  0%| F|  |TAMS 0x000000008a400000| PB 0x000000008a400000| Untracked 
|  75|0x000000008a500000, 0x000000008a500000, 0x000000008a600000|  0%| F|  |TAMS 0x000000008a500000| PB 0x000000008a500000| Untracked 
|  76|0x000000008a600000, 0x000000008a600000, 0x000000008a700000|  0%| F|  |TAMS 0x000000008a600000| PB 0x000000008a600000| Untracked 
|  77|0x000000008a700000, 0x000000008a700000, 0x000000008a800000|  0%| F|  |TAMS 0x000000008a700000| PB 0x000000008a700000| Untracked 
|  78|0x000000008a800000, 0x000000008a800000, 0x000000008a900000|  0%| F|  |TAMS 0x000000008a800000| PB 0x000000008a800000| Untracked 
|  79|0x000000008a900000, 0x000000008a900000, 0x000000008aa00000|  0%| F|  |TAMS 0x000000008a900000| PB 0x000000008a900000| Untracked 
|  80|0x000000008aa00000, 0x000000008aa00000, 0x000000008ab00000|  0%| F|  |TAMS 0x000000008aa00000| PB 0x000000008aa00000| Untracked 
|  81|0x000000008ab00000, 0x000000008ab00000, 0x000000008ac00000|  0%| F|  |TAMS 0x000000008ab00000| PB 0x000000008ab00000| Untracked 
|  82|0x000000008ac00000, 0x000000008ac00000, 0x000000008ad00000|  0%| F|  |TAMS 0x000000008ac00000| PB 0x000000008ac00000| Untracked 
|  83|0x000000008ad00000, 0x000000008ad00000, 0x000000008ae00000|  0%| F|  |TAMS 0x000000008ad00000| PB 0x000000008ad00000| Untracked 
|  84|0x000000008ae00000, 0x000000008ae00000, 0x000000008af00000|  0%| F|  |TAMS 0x000000008ae00000| PB 0x000000008ae00000| Untracked 
|  85|0x000000008af00000, 0x000000008af00000, 0x000000008b000000|  0%| F|  |TAMS 0x000000008af00000| PB 0x000000008af00000| Untracked 
|  86|0x000000008b000000, 0x000000008b000000, 0x000000008b100000|  0%| F|  |TAMS 0x000000008b000000| PB 0x000000008b000000| Untracked 
|  87|0x000000008b100000, 0x000000008b100000, 0x000000008b200000|  0%| F|  |TAMS 0x000000008b100000| PB 0x000000008b100000| Untracked 
|  88|0x000000008b200000, 0x000000008b200000, 0x000000008b300000|  0%| F|  |TAMS 0x000000008b200000| PB 0x000000008b200000| Untracked 
|  89|0x000000008b300000, 0x000000008b400000, 0x000000008b400000|100%| S|CS|TAMS 0x000000008b300000| PB 0x000000008b300000| Complete 
|  90|0x000000008b400000, 0x000000008b500000, 0x000000008b500000|100%| S|CS|TAMS 0x000000008b400000| PB 0x000000008b400000| Complete 
|  91|0x000000008b500000, 0x000000008b600000, 0x000000008b600000|100%| S|CS|TAMS 0x000000008b500000| PB 0x000000008b500000| Complete 
|  92|0x000000008b600000, 0x000000008b700000, 0x000000008b700000|100%| S|CS|TAMS 0x000000008b600000| PB 0x000000008b600000| Complete 
|  93|0x000000008b700000, 0x000000008b700000, 0x000000008b800000|  0%| F|  |TAMS 0x000000008b700000| PB 0x000000008b700000| Untracked 
|  94|0x000000008b800000, 0x000000008b800000, 0x000000008b900000|  0%| F|  |TAMS 0x000000008b800000| PB 0x000000008b800000| Untracked 
|  95|0x000000008b900000, 0x000000008b900000, 0x000000008ba00000|  0%| F|  |TAMS 0x000000008b900000| PB 0x000000008b900000| Untracked 
|  96|0x000000008ba00000, 0x000000008ba00000, 0x000000008bb00000|  0%| F|  |TAMS 0x000000008ba00000| PB 0x000000008ba00000| Untracked 
|  97|0x000000008bb00000, 0x000000008bb00000, 0x000000008bc00000|  0%| F|  |TAMS 0x000000008bb00000| PB 0x000000008bb00000| Untracked 
|  98|0x000000008bc00000, 0x000000008bc00000, 0x000000008bd00000|  0%| F|  |TAMS 0x000000008bc00000| PB 0x000000008bc00000| Untracked 
|  99|0x000000008bd00000, 0x000000008bd00000, 0x000000008be00000|  0%| F|  |TAMS 0x000000008bd00000| PB 0x000000008bd00000| Untracked 
| 100|0x000000008be00000, 0x000000008be00000, 0x000000008bf00000|  0%| F|  |TAMS 0x000000008be00000| PB 0x000000008be00000| Untracked 
| 101|0x000000008bf00000, 0x000000008bf00000, 0x000000008c000000|  0%| F|  |TAMS 0x000000008bf00000| PB 0x000000008bf00000| Untracked 
| 102|0x000000008c000000, 0x000000008c000000, 0x000000008c100000|  0%| F|  |TAMS 0x000000008c000000| PB 0x000000008c000000| Untracked 
| 103|0x000000008c100000, 0x000000008c100000, 0x000000008c200000|  0%| F|  |TAMS 0x000000008c100000| PB 0x000000008c100000| Untracked 
| 104|0x000000008c200000, 0x000000008c200000, 0x000000008c300000|  0%| F|  |TAMS 0x000000008c200000| PB 0x000000008c200000| Untracked 
| 105|0x000000008c300000, 0x000000008c300000, 0x000000008c400000|  0%| F|  |TAMS 0x000000008c300000| PB 0x000000008c300000| Untracked 
| 106|0x000000008c400000, 0x000000008c400000, 0x000000008c500000|  0%| F|  |TAMS 0x000000008c400000| PB 0x000000008c400000| Untracked 
| 107|0x000000008c500000, 0x000000008c500000, 0x000000008c600000|  0%| F|  |TAMS 0x000000008c500000| PB 0x000000008c500000| Untracked 
| 108|0x000000008c600000, 0x000000008c600000, 0x000000008c700000|  0%| F|  |TAMS 0x000000008c600000| PB 0x000000008c600000| Untracked 
| 109|0x000000008c700000, 0x000000008c700000, 0x000000008c800000|  0%| F|  |TAMS 0x000000008c700000| PB 0x000000008c700000| Untracked 
| 110|0x000000008c800000, 0x000000008c800000, 0x000000008c900000|  0%| F|  |TAMS 0x000000008c800000| PB 0x000000008c800000| Untracked 
| 111|0x000000008c900000, 0x000000008c900000, 0x000000008ca00000|  0%| F|  |TAMS 0x000000008c900000| PB 0x000000008c900000| Untracked 
| 112|0x000000008ca00000, 0x000000008ca00000, 0x000000008cb00000|  0%| F|  |TAMS 0x000000008ca00000| PB 0x000000008ca00000| Untracked 
| 113|0x000000008cb00000, 0x000000008cb00000, 0x000000008cc00000|  0%| F|  |TAMS 0x000000008cb00000| PB 0x000000008cb00000| Untracked 
| 114|0x000000008cc00000, 0x000000008cc00000, 0x000000008cd00000|  0%| F|  |TAMS 0x000000008cc00000| PB 0x000000008cc00000| Untracked 
| 115|0x000000008cd00000, 0x000000008cd00000, 0x000000008ce00000|  0%| F|  |TAMS 0x000000008cd00000| PB 0x000000008cd00000| Untracked 
| 116|0x000000008ce00000, 0x000000008ce00000, 0x000000008cf00000|  0%| F|  |TAMS 0x000000008ce00000| PB 0x000000008ce00000| Untracked 
| 117|0x000000008cf00000, 0x000000008cf00000, 0x000000008d000000|  0%| F|  |TAMS 0x000000008cf00000| PB 0x000000008cf00000| Untracked 
| 118|0x000000008d000000, 0x000000008d000000, 0x000000008d100000|  0%| F|  |TAMS 0x000000008d000000| PB 0x000000008d000000| Untracked 
| 119|0x000000008d100000, 0x000000008d100000, 0x000000008d200000|  0%| F|  |TAMS 0x000000008d100000| PB 0x000000008d100000| Untracked 
| 120|0x000000008d200000, 0x000000008d200000, 0x000000008d300000|  0%| F|  |TAMS 0x000000008d200000| PB 0x000000008d200000| Untracked 
| 121|0x000000008d300000, 0x000000008d300000, 0x000000008d400000|  0%| F|  |TAMS 0x000000008d300000| PB 0x000000008d300000| Untracked 
| 122|0x000000008d400000, 0x000000008d400000, 0x000000008d500000|  0%| F|  |TAMS 0x000000008d400000| PB 0x000000008d400000| Untracked 
| 123|0x000000008d500000, 0x000000008d500000, 0x000000008d600000|  0%| F|  |TAMS 0x000000008d500000| PB 0x000000008d500000| Untracked 
| 124|0x000000008d600000, 0x000000008d600000, 0x000000008d700000|  0%| F|  |TAMS 0x000000008d600000| PB 0x000000008d600000| Untracked 
| 125|0x000000008d700000, 0x000000008d700000, 0x000000008d800000|  0%| F|  |TAMS 0x000000008d700000| PB 0x000000008d700000| Untracked 
| 126|0x000000008d800000, 0x000000008d800000, 0x000000008d900000|  0%| F|  |TAMS 0x000000008d800000| PB 0x000000008d800000| Untracked 
|1956|0x00000000ffe00000, 0x00000000fff00000, 0x00000000fff00000|100%| O|  |TAMS 0x00000000fff00000| PB 0x00000000ffe00000| Untracked 
|1957|0x00000000fff00000, 0x0000000100000000, 0x0000000100000000|100%| O|  |TAMS 0x0000000100000000| PB 0x00000000fff00000| Untracked 

Card table byte_map: [0x000001c327d60000,0x000001c328140000] _byte_map_base: 0x000001c327933000

Marking Bits: (CMBitMap*) 0x000001c31532c060
 Bits: [0x000001c328140000, 0x000001c329fd8000)

Polling page: 0x000001c3131b0000

Metaspace:

Usage:
  Non-class:     54.86 MB used.
      Class:      6.77 MB used.
       Both:     61.63 MB used.

Virtual space:
  Non-class space:       64.00 MB reserved,      55.06 MB ( 86%) committed,  1 nodes.
      Class space:        1.00 GB reserved,       6.94 MB ( <1%) committed,  1 nodes.
             Both:        1.06 GB reserved,      62.00 MB (  6%) committed. 

Chunk freelists:
   Non-Class:  8.42 MB
       Class:  8.92 MB
        Both:  17.34 MB

MaxMetaspaceSize: unlimited
CompressedClassSpaceSize: 1.00 GB
Initial GC threshold: 21.00 MB
Current GC threshold: 80.44 MB
CDS: off
 - commit_granule_bytes: 65536.
 - commit_granule_words: 8192.
 - virtual_space_node_default_size: 8388608.
 - enlarge_chunks_in_place: 1.
 - use_allocation_guard: 0.


Internal statistics:

num_allocs_failed_limit: 6.
num_arena_births: 332.
num_arena_deaths: 0.
num_vsnodes_births: 2.
num_vsnodes_deaths: 0.
num_space_committed: 991.
num_space_uncommitted: 0.
num_chunks_returned_to_freelist: 6.
num_chunks_taken_from_freelist: 2262.
num_chunk_merges: 6.
num_chunk_splits: 1855.
num_chunks_enlarged: 1660.
num_inconsistent_stats: 0.

CodeHeap 'non-profiled nmethods': size=120000Kb used=4313Kb max_used=4313Kb free=115686Kb
 bounds [0x000001c31ff00000, 0x000001c320340000, 0x000001c327430000]
CodeHeap 'profiled nmethods': size=120000Kb used=20116Kb max_used=20116Kb free=99883Kb
 bounds [0x000001c318430000, 0x000001c3197e0000, 0x000001c31f960000]
CodeHeap 'non-nmethods': size=5760Kb used=1960Kb max_used=1985Kb free=3799Kb
 bounds [0x000001c31f960000, 0x000001c31fbd0000, 0x000001c31ff00000]
 total_blobs=7676 nmethods=6902 adapters=676
 compilation: enabled
              stopped_count=0, restarted_count=0
 full_count=0

Compilation events (20 events):
Event: 3.813 Thread 0x000001c33108c480 nmethod 7181 0x000001c3197c1a10 code [0x000001c3197c1fa0, 0x000001c3197c4678]
Event: 3.813 Thread 0x000001c33108c480 7182       3       org.jetbrains.kotlin.fir.backend.Fir2IrDeclarationStorageKt::isFakeOverrideOrDelegated (15 bytes)
Event: 3.814 Thread 0x000001c33108c480 nmethod 7182 0x000001c3197c5390 code [0x000001c3197c59c0, 0x000001c3197c8918]
Event: 3.814 Thread 0x000001c33108c480 7184       3       org.jetbrains.kotlin.fir.backend.generators.Fir2IrCallableDeclarationsGeneratorKt::isExternalParent (20 bytes)
Event: 3.814 Thread 0x000001c33108c480 nmethod 7184 0x000001c3197c9890 code [0x000001c3197c9a40, 0x000001c3197c9d70]
Event: 3.814 Thread 0x000001c33108c480 7186       3       org.jetbrains.kotlin.ir.declarations.IrDeclarationOrigin$Companion::getIR_EXTERNAL_JAVA_DECLARATION_STUB (19 bytes)
Event: 3.814 Thread 0x000001c33108c480 nmethod 7186 0x000001c3197c9e10 code [0x000001c3197ca040, 0x000001c3197ca6a8]
Event: 3.814 Thread 0x000001c33108c480 7183       1       org.jetbrains.kotlin.fir.lazy.Fir2IrLazyClass::getOrigin (5 bytes)
Event: 3.815 Thread 0x000001c33108c480 nmethod 7183 0x000001c320335f90 code [0x000001c320336120, 0x000001c3203361e8]
Event: 3.815 Thread 0x000001c33108c480 7185       1       org.jetbrains.kotlin.fir.backend.Fir2IrComponentsStorage::getFakeOverrideGenerator (5 bytes)
Event: 3.815 Thread 0x000001c33108c480 nmethod 7185 0x000001c320336290 code [0x000001c320336420, 0x000001c3203364e8]
Event: 3.815 Thread 0x000001c33108c480 7187       3       org.jetbrains.kotlin.fir.lazy.AbstractFir2IrLazyDeclaration::createLazyAnnotations (16 bytes)
Event: 3.815 Thread 0x000001c33108c480 nmethod 7187 0x000001c3197ca990 code [0x000001c3197cada0, 0x000001c3197cc790]
Event: 3.815 Thread 0x000001c33108c480 7200       3       org.jetbrains.kotlin.fir.java.declarations.FirJavaFieldBuilder::build (83 bytes)
Event: 3.817 Thread 0x000001c33108c480 nmethod 7200 0x000001c3197cd110 code [0x000001c3197cda40, 0x000001c3197d2888]
Event: 3.817 Thread 0x000001c33108c480 7201       3       org.jetbrains.kotlin.fir.java.declarations.FirJavaFieldBuilder::isFromSource (22 bytes)
Event: 3.817 Thread 0x000001c33108c480 nmethod 7201 0x000001c3197d4490 code [0x000001c3197d4660, 0x000001c3197d4950]
Event: 3.817 Thread 0x000001c33108c480 7202       3       org.jetbrains.kotlin.fir.declarations.builder.FirFieldBuilder::isVar (22 bytes)
Event: 3.817 Thread 0x000001c33108c480 nmethod 7202 0x000001c3197d4a90 code [0x000001c3197d4c60, 0x000001c3197d4f50]
Event: 3.817 Thread 0x000001c33108c480 7190       3       org.jetbrains.kotlin.types.AbstractStrictEqualityTypeChecker::strictEqualSimpleTypes (248 bytes)

GC Heap History (20 events):
Event: 1.612 GC heap after
{Heap after GC invocations=11 (full 0):
 garbage-first heap   total 47104K, used 18420K [0x0000000085a00000, 0x0000000100000000)
  region size 1024K, 2 young (2048K), 2 survivors (2048K)
 Metaspace       used 41116K, committed 41408K, reserved 1114112K
  class space    used 4824K, committed 4928K, reserved 1048576K
}
Event: 1.820 GC heap before
{Heap before GC invocations=11 (full 0):
 garbage-first heap   total 47104K, used 39924K [0x0000000085a00000, 0x0000000100000000)
  region size 1024K, 23 young (23552K), 2 survivors (2048K)
 Metaspace       used 44901K, committed 45184K, reserved 1114112K
  class space    used 5221K, committed 5376K, reserved 1048576K
}
Event: 1.827 GC heap after
{Heap after GC invocations=12 (full 0):
 garbage-first heap   total 47104K, used 20480K [0x0000000085a00000, 0x0000000100000000)
  region size 1024K, 3 young (3072K), 3 survivors (3072K)
 Metaspace       used 44901K, committed 45184K, reserved 1114112K
  class space    used 5221K, committed 5376K, reserved 1048576K
}
Event: 1.972 GC heap before
{Heap before GC invocations=12 (full 0):
 garbage-first heap   total 47104K, used 39936K [0x0000000085a00000, 0x0000000100000000)
  region size 1024K, 22 young (22528K), 3 survivors (3072K)
 Metaspace       used 45888K, committed 46208K, reserved 1114112K
  class space    used 5285K, committed 5440K, reserved 1048576K
}
Event: 1.980 GC heap after
{Heap after GC invocations=13 (full 0):
 garbage-first heap   total 66560K, used 26205K [0x0000000085a00000, 0x0000000100000000)
  region size 1024K, 3 young (3072K), 3 survivors (3072K)
 Metaspace       used 45888K, committed 46208K, reserved 1114112K
  class space    used 5285K, committed 5440K, reserved 1048576K
}
Event: 2.018 GC heap before
{Heap before GC invocations=13 (full 0):
 garbage-first heap   total 66560K, used 51805K [0x0000000085a00000, 0x0000000100000000)
  region size 1024K, 28 young (28672K), 3 survivors (3072K)
 Metaspace       used 45986K, committed 46272K, reserved 1114112K
  class space    used 5286K, committed 5440K, reserved 1048576K
}
Event: 2.027 GC heap after
{Heap after GC invocations=14 (full 0):
 garbage-first heap   total 66560K, used 36864K [0x0000000085a00000, 0x0000000100000000)
  region size 1024K, 4 young (4096K), 4 survivors (4096K)
 Metaspace       used 45986K, committed 46272K, reserved 1114112K
  class space    used 5286K, committed 5440K, reserved 1048576K
}
Event: 2.211 GC heap before
{Heap before GC invocations=14 (full 0):
 garbage-first heap   total 66560K, used 53248K [0x0000000085a00000, 0x0000000100000000)
  region size 1024K, 21 young (21504K), 4 survivors (4096K)
 Metaspace       used 49042K, committed 49344K, reserved 1114112K
  class space    used 5641K, committed 5760K, reserved 1048576K
}
Event: 2.216 GC heap after
{Heap after GC invocations=15 (full 0):
 garbage-first heap   total 66560K, used 40173K [0x0000000085a00000, 0x0000000100000000)
  region size 1024K, 3 young (3072K), 3 survivors (3072K)
 Metaspace       used 49042K, committed 49344K, reserved 1114112K
  class space    used 5641K, committed 5760K, reserved 1048576K
}
Event: 2.314 GC heap before
{Heap before GC invocations=16 (full 0):
 garbage-first heap   total 68608K, used 55533K [0x0000000085a00000, 0x0000000100000000)
  region size 1024K, 18 young (18432K), 3 survivors (3072K)
 Metaspace       used 49384K, committed 49664K, reserved 1114112K
  class space    used 5689K, committed 5824K, reserved 1048576K
}
Event: 2.319 GC heap after
{Heap after GC invocations=17 (full 0):
 garbage-first heap   total 68608K, used 45056K [0x0000000085a00000, 0x0000000100000000)
  region size 1024K, 3 young (3072K), 3 survivors (3072K)
 Metaspace       used 49384K, committed 49664K, reserved 1114112K
  class space    used 5689K, committed 5824K, reserved 1048576K
}
Event: 2.401 GC heap before
{Heap before GC invocations=17 (full 0):
 garbage-first heap   total 68608K, used 58368K [0x0000000085a00000, 0x0000000100000000)
  region size 1024K, 16 young (16384K), 3 survivors (3072K)
 Metaspace       used 49807K, committed 50048K, reserved 1114112K
  class space    used 5726K, committed 5824K, reserved 1048576K
}
Event: 2.406 GC heap after
{Heap after GC invocations=18 (full 0):
 garbage-first heap   total 132096K, used 47531K [0x0000000085a00000, 0x0000000100000000)
  region size 1024K, 2 young (2048K), 2 survivors (2048K)
 Metaspace       used 49807K, committed 50048K, reserved 1114112K
  class space    used 5726K, committed 5824K, reserved 1048576K
}
Event: 2.785 GC heap before
{Heap before GC invocations=18 (full 0):
 garbage-first heap   total 132096K, used 94635K [0x0000000085a00000, 0x0000000100000000)
  region size 1024K, 48 young (49152K), 2 survivors (2048K)
 Metaspace       used 52002K, committed 52288K, reserved 1114112K
  class space    used 5940K, committed 6080K, reserved 1048576K
}
Event: 2.794 GC heap after
{Heap after GC invocations=19 (full 0):
 garbage-first heap   total 132096K, used 57605K [0x0000000085a00000, 0x0000000100000000)
  region size 1024K, 6 young (6144K), 6 survivors (6144K)
 Metaspace       used 52002K, committed 52288K, reserved 1114112K
  class space    used 5940K, committed 6080K, reserved 1048576K
}
Event: 3.217 GC heap before
{Heap before GC invocations=19 (full 0):
 garbage-first heap   total 132096K, used 97541K [0x0000000085a00000, 0x0000000100000000)
  region size 1024K, 46 young (47104K), 6 survivors (6144K)
 Metaspace       used 55896K, committed 56192K, reserved 1114112K
  class space    used 6285K, committed 6400K, reserved 1048576K
}
Event: 3.226 GC heap after
{Heap after GC invocations=20 (full 0):
 garbage-first heap   total 132096K, used 64330K [0x0000000085a00000, 0x0000000100000000)
  region size 1024K, 6 young (6144K), 6 survivors (6144K)
 Metaspace       used 55896K, committed 56192K, reserved 1114112K
  class space    used 6285K, committed 6400K, reserved 1048576K
}
Event: 3.473 GC heap before
{Heap before GC invocations=20 (full 0):
 garbage-first heap   total 132096K, used 104266K [0x0000000085a00000, 0x0000000100000000)
  region size 1024K, 45 young (46080K), 6 survivors (6144K)
 Metaspace       used 56467K, committed 56832K, reserved 1114112K
  class space    used 6324K, committed 6464K, reserved 1048576K
}
Event: 3.485 GC heap after
{Heap after GC invocations=21 (full 0):
 garbage-first heap   total 132096K, used 74240K [0x0000000085a00000, 0x0000000100000000)
  region size 1024K, 6 young (6144K), 6 survivors (6144K)
 Metaspace       used 56467K, committed 56832K, reserved 1114112K
  class space    used 6324K, committed 6464K, reserved 1048576K
}
Event: 3.817 GC heap before
{Heap before GC invocations=21 (full 0):
 garbage-first heap   total 132096K, used 109056K [0x0000000085a00000, 0x0000000100000000)
  region size 1024K, 40 young (40960K), 6 survivors (6144K)
 Metaspace       used 63111K, committed 63488K, reserved 1114112K
  class space    used 6932K, committed 7104K, reserved 1048576K
}

Dll operation events (3 events):
Event: 0.005 Loaded shared library D:\Android\Android Studio\jbr\bin\java.dll
Event: 0.009 Loaded shared library D:\Android\Android Studio\jbr\bin\zip.dll
Event: 0.714 Loaded shared library D:\Android\Android Studio\jbr\bin\verify.dll

Deoptimization events (20 events):
Event: 3.664 Thread 0x000001c31300f760 DEOPT PACKING pc=0x000001c320290450 sp=0x0000001a5e3fd1f0
Event: 3.664 Thread 0x000001c31300f760 DEOPT UNPACKING pc=0x000001c31f9b7da2 sp=0x0000001a5e3fd1e0 mode 2
Event: 3.666 Thread 0x000001c31300f760 Uncommon trap: trap_request=0xffffffde fr.pc=0x000001c320290450 relative=0x0000000000000950
Event: 3.666 Thread 0x000001c31300f760 Uncommon trap: reason=class_check action=maybe_recompile pc=0x000001c320290450 method=org.jetbrains.kotlin.types.model.TypeSystemContext.typeConstructor(Lorg/jetbrains/kotlin/types/model/KotlinTypeMarker;)Lorg/jetbrains/kotlin/types/model/TypeConstructorM
Event: 3.666 Thread 0x000001c31300f760 DEOPT PACKING pc=0x000001c320290450 sp=0x0000001a5e3fcfe0
Event: 3.666 Thread 0x000001c31300f760 DEOPT UNPACKING pc=0x000001c31f9b7da2 sp=0x0000001a5e3fcfd0 mode 2
Event: 3.768 Thread 0x000001c31300f760 Uncommon trap: trap_request=0xffffff45 fr.pc=0x000001c3202d8274 relative=0x00000000000005b4
Event: 3.768 Thread 0x000001c31300f760 Uncommon trap: reason=unstable_if action=reinterpret pc=0x000001c3202d8274 method=org.jetbrains.kotlin.fir.java.JavaTypeConversionKt.toFirResolvedTypeRef(Lorg/jetbrains/kotlin/load/java/structure/JavaType;Lorg/jetbrains/kotlin/fir/FirSession;Lorg/jetbrain
Event: 3.768 Thread 0x000001c31300f760 DEOPT PACKING pc=0x000001c3202d8274 sp=0x0000001a5e3f9a80
Event: 3.768 Thread 0x000001c31300f760 DEOPT UNPACKING pc=0x000001c31f9b7da2 sp=0x0000001a5e3f9970 mode 2
Event: 3.768 Thread 0x000001c31300f760 Uncommon trap: trap_request=0xffffffc6 fr.pc=0x000001c3202e6f3c relative=0x000000000000241c
Event: 3.768 Thread 0x000001c31300f760 Uncommon trap: reason=bimorphic_or_optimized_type_check action=maybe_recompile pc=0x000001c3202e6f3c method=org.jetbrains.kotlin.fir.scopes.impl.AbstractFirUseSiteMemberScope.getFunctionsFromSupertypesByName(Lorg/jetbrains/kotlin/name/Name;)Ljava/util/Lis
Event: 3.768 Thread 0x000001c31300f760 DEOPT PACKING pc=0x000001c3202e6f3c sp=0x0000001a5e3fa480
Event: 3.768 Thread 0x000001c31300f760 DEOPT UNPACKING pc=0x000001c31f9b7da2 sp=0x0000001a5e3fa3a8 mode 2
Event: 3.772 Thread 0x000001c31300f760 Uncommon trap: trap_request=0xffffffe5 fr.pc=0x000001c3200bc994 relative=0x0000000000000074
Event: 3.772 Thread 0x000001c31300f760 Uncommon trap: reason=range_check action=reinterpret pc=0x000001c3200bc994 method=kotlin.collections.ArraysKt___ArraysKt.getOrNull([Ljava/lang/Object;I)Ljava/lang/Object; @ 8 c2
Event: 3.772 Thread 0x000001c31300f760 DEOPT PACKING pc=0x000001c3200bc994 sp=0x0000001a5e3fb2d0
Event: 3.772 Thread 0x000001c31300f760 DEOPT UNPACKING pc=0x000001c31f9b7da2 sp=0x0000001a5e3fb1f0 mode 2
Event: 3.778 Thread 0x000001c31300f760 DEOPT PACKING pc=0x000001c31975a7f4 sp=0x0000001a5e3fbe60
Event: 3.778 Thread 0x000001c31300f760 DEOPT UNPACKING pc=0x000001c31f9b88e2 sp=0x0000001a5e3fb470 mode 0

Classes loaded (20 events):
Event: 2.985 Loading class java/util/Locale$Category
Event: 2.985 Loading class java/util/Locale$Category done
Event: 3.006 Loading class java/text/ChoiceFormat
Event: 3.006 Loading class java/text/NumberFormat
Event: 3.006 Loading class java/text/NumberFormat done
Event: 3.006 Loading class java/text/ChoiceFormat done
Event: 3.042 Loading class java/util/RegularEnumSet$EnumSetIterator
Event: 3.042 Loading class java/util/RegularEnumSet$EnumSetIterator done
Event: 3.084 Loading class java/util/EnumMap$EntrySet
Event: 3.085 Loading class java/util/EnumMap$EntrySet done
Event: 3.085 Loading class java/util/EnumMap$EntryIterator
Event: 3.085 Loading class java/util/EnumMap$EnumMapIterator
Event: 3.085 Loading class java/util/EnumMap$EnumMapIterator done
Event: 3.085 Loading class java/util/EnumMap$EntryIterator done
Event: 3.085 Loading class java/util/EnumMap$EntryIterator$Entry
Event: 3.085 Loading class java/util/EnumMap$EntryIterator$Entry done
Event: 3.736 Loading class java/util/function/UnaryOperator
Event: 3.736 Loading class java/util/function/UnaryOperator done
Event: 3.786 Loading class java/lang/Short$ShortCache
Event: 3.786 Loading class java/lang/Short$ShortCache done

Classes unloaded (0 events):
No events

Classes redefined (0 events):
No events

Internal exceptions (20 events):
Event: 2.558 Thread 0x000001c31300f760 Exception <a 'java/lang/NoSuchMethodError'{0x000000008c429e88}: 'java.lang.Object java.lang.invoke.DirectMethodHandle$Holder.invokeStatic(java.lang.Object, java.lang.Object, java.lang.Object, int, java.lang.Object, java.lang.Object)'> (0x000000008c429e88) 
thrown [s\src\hotspot\share\interpreter\linkResolver.cpp, line 784]
Event: 2.592 Thread 0x000001c31300f760 Exception <a 'java/lang/NoSuchMethodError'{0x000000008c2a0710}: 'java.lang.Object java.lang.invoke.DirectMethodHandle$Holder.newInvokeSpecial(java.lang.Object, java.lang.Object, java.lang.Object, java.lang.Object, java.lang.Object, int)'> (0x000000008c2a0710) 
thrown [s\src\hotspot\share\interpreter\linkResolver.cpp, line 784]
Event: 2.592 Thread 0x000001c31300f760 Exception <a 'java/lang/NoSuchMethodError'{0x000000008c2a4ef8}: 'java.lang.Object java.lang.invoke.DirectMethodHandle$Holder.invokeSpecial(java.lang.Object, java.lang.Object, java.lang.Object, java.lang.Object, java.lang.Object, java.lang.Object, int)'> (0x000000008c2a4ef8) 
thrown [s\src\hotspot\share\interpreter\linkResolver.cpp, line 784]
Event: 2.603 Thread 0x000001c31300f760 Exception <a 'java/lang/NoSuchMethodError'{0x000000008c19b348}: 'java.lang.Object java.lang.invoke.DirectMethodHandle$Holder.invokeStatic(java.lang.Object, int, java.lang.Object, java.lang.Object)'> (0x000000008c19b348) 
thrown [s\src\hotspot\share\interpreter\linkResolver.cpp, line 784]
Event: 2.711 Thread 0x000001c31300f760 Exception <a 'java/lang/NoSuchMethodError'{0x000000008b6fc320}: 'java.lang.Object java.lang.invoke.DirectMethodHandle$Holder.newInvokeSpecial(java.lang.Object, int, java.lang.Object, java.lang.Object, java.lang.Object)'> (0x000000008b6fc320) 
thrown [s\src\hotspot\share\interpreter\linkResolver.cpp, line 784]
Event: 2.712 Thread 0x000001c31300f760 Exception <a 'java/lang/NoSuchMethodError'{0x000000008b504ca8}: 'java.lang.Object java.lang.invoke.Invokers$Holder.linkToTargetMethod(int, java.lang.Object, java.lang.Object, java.lang.Object, java.lang.Object)'> (0x000000008b504ca8) 
thrown [s\src\hotspot\share\interpreter\linkResolver.cpp, line 784]
Event: 3.234 Thread 0x000001c31300f760 Exception <a 'java/lang/NoSuchMethodError'{0x000000008d8887d8}: 'java.lang.Object java.lang.invoke.DirectMethodHandle$Holder.newInvokeSpecial(java.lang.Object, java.lang.Object, int, java.lang.Object, java.lang.Object, java.lang.Object)'> (0x000000008d8887d8) 
thrown [s\src\hotspot\share\interpreter\linkResolver.cpp, line 784]
Event: 3.234 Thread 0x000001c31300f760 Exception <a 'java/lang/NoSuchMethodError'{0x000000008d88c8e8}: 'java.lang.Object java.lang.invoke.DirectMethodHandle$Holder.invokeSpecial(java.lang.Object, java.lang.Object, java.lang.Object, int, java.lang.Object, java.lang.Object, java.lang.Object)'> (0x000000008d88c8e8) 
thrown [s\src\hotspot\share\interpreter\linkResolver.cpp, line 784]
Event: 3.234 Thread 0x000001c31300f760 Exception <a 'java/lang/NoSuchMethodError'{0x000000008d890258}: 'java.lang.Object java.lang.invoke.Invokers$Holder.linkToTargetMethod(java.lang.Object, int, java.lang.Object, java.lang.Object, java.lang.Object, java.lang.Object)'> (0x000000008d890258) 
thrown [s\src\hotspot\share\interpreter\linkResolver.cpp, line 784]
Event: 3.280 Thread 0x000001c31300f760 Exception <a 'java/lang/NoSuchMethodError'{0x000000008d4af1b0}: 'java.lang.Object java.lang.invoke.DirectMethodHandle$Holder.newInvokeSpecial(java.lang.Object, java.lang.Object, java.lang.Object, java.lang.Object, java.lang.Object, java.lang.Object, int)'> (0x000000008d4af1b0) 
thrown [s\src\hotspot\share\interpreter\linkResolver.cpp, line 784]
Event: 3.280 Thread 0x000001c31300f760 Exception <a 'java/lang/NoSuchMethodError'{0x000000008d4b37a0}: 'java.lang.Object java.lang.invoke.DirectMethodHandle$Holder.invokeSpecial(java.lang.Object, java.lang.Object, java.lang.Object, java.lang.Object, java.lang.Object, java.lang.Object, java.lang.Object, int)'> (0x000000008d4b37a0) 
thrown [s\src\hotspot\share\interpreter\linkResolver.cpp, line 784]
Event: 3.280 Thread 0x000001c31300f760 Exception <a 'java/lang/NoSuchMethodError'{0x000000008d4b7950}: 'java.lang.Object java.lang.invoke.Invokers$Holder.linkToTargetMethod(java.lang.Object, java.lang.Object, java.lang.Object, java.lang.Object, java.lang.Object, int, java.lang.Object)'> (0x000000008d4b7950) 
thrown [s\src\hotspot\share\interpreter\linkResolver.cpp, line 784]
Event: 3.570 Thread 0x000001c31300f760 Implicit null exception at 0x000001c31ff35c20 to 0x000001c31ff36224
Event: 3.571 Thread 0x000001c31300f760 Implicit null exception at 0x000001c31ff39420 to 0x000001c31ff39a1c
Event: 3.716 Thread 0x000001c31300f760 Exception <a 'java/lang/NoSuchMethodError'{0x000000008c0b6420}: 'java.lang.Object java.lang.invoke.DirectMethodHandle$Holder.newInvokeSpecial(java.lang.Object, java.lang.Object, java.lang.Object, java.lang.Object, java.lang.Object, java.lang.Object, java.lang.Object, java.lang.Object, int)'> (0x000000008c0b6420) 
thrown [s\src\hotspot\share\interpreter\linkResolver.cpp, line 784]
Event: 3.716 Thread 0x000001c31300f760 Exception <a 'java/lang/NoSuchMethodError'{0x000000008c0baea8}: 'java.lang.Object java.lang.invoke.DirectMethodHandle$Holder.invokeSpecial(java.lang.Object, java.lang.Object, java.lang.Object, java.lang.Object, java.lang.Object, java.lang.Object, java.lang.Object, java.lang.Object, java.lang.Object, int)'> (0x000000008c0baea8) 
thrown [s\src\hotspot\share\interpreter\linkResolver.cpp, line 784]
Event: 3.750 Thread 0x000001c31300f760 Exception <a 'java/lang/NoSuchMethodError'{0x000000008bedb300}: 'java.lang.Object java.lang.invoke.DirectMethodHandle$Holder.invokeStatic(java.lang.Object, java.lang.Object, int, int)'> (0x000000008bedb300) 
thrown [s\src\hotspot\share\interpreter\linkResolver.cpp, line 784]
Event: 3.750 Thread 0x000001c31300f760 Exception <a 'java/lang/NoSuchMethodError'{0x000000008bee2398}: 'java.lang.Object java.lang.invoke.DirectMethodHandle$Holder.newInvokeSpecial(java.lang.Object, java.lang.Object, int, int)'> (0x000000008bee2398) 
thrown [s\src\hotspot\share\interpreter\linkResolver.cpp, line 784]
Event: 3.751 Thread 0x000001c31300f760 Exception <a 'java/lang/NoSuchMethodError'{0x000000008bee6b78}: 'java.lang.Object java.lang.invoke.DirectMethodHandle$Holder.invokeSpecial(java.lang.Object, java.lang.Object, java.lang.Object, int, int)'> (0x000000008bee6b78) 
thrown [s\src\hotspot\share\interpreter\linkResolver.cpp, line 784]
Event: 3.751 Thread 0x000001c31300f760 Exception <a 'java/lang/NoSuchMethodError'{0x000000008beeacb0}: 'java.lang.Object java.lang.invoke.Invokers$Holder.linkToTargetMethod(java.lang.Object, int, int, java.lang.Object)'> (0x000000008beeacb0) 
thrown [s\src\hotspot\share\interpreter\linkResolver.cpp, line 784]

ZGC Phase Switch (0 events):
No events

VM Operations (20 events):
Event: 3.239 Executing VM operation: HandshakeAllThreads (Deoptimize) done
Event: 3.277 Executing VM operation: HandshakeAllThreads (Deoptimize)
Event: 3.277 Executing VM operation: HandshakeAllThreads (Deoptimize) done
Event: 3.367 Executing VM operation: ICBufferFull
Event: 3.367 Executing VM operation: ICBufferFull done
Event: 3.473 Executing VM operation: G1CollectForAllocation (G1 Evacuation Pause)
Event: 3.485 Executing VM operation: G1CollectForAllocation (G1 Evacuation Pause) done
Event: 3.564 Executing VM operation: HandshakeAllThreads (Deoptimize)
Event: 3.564 Executing VM operation: HandshakeAllThreads (Deoptimize) done
Event: 3.583 Executing VM operation: HandshakeAllThreads (Deoptimize)
Event: 3.583 Executing VM operation: HandshakeAllThreads (Deoptimize) done
Event: 3.584 Executing VM operation: HandshakeAllThreads (Deoptimize)
Event: 3.584 Executing VM operation: HandshakeAllThreads (Deoptimize) done
Event: 3.681 Executing VM operation: HandshakeAllThreads (Deoptimize)
Event: 3.681 Executing VM operation: HandshakeAllThreads (Deoptimize) done
Event: 3.778 Executing VM operation: HandshakeAllThreads (Deoptimize)
Event: 3.778 Executing VM operation: HandshakeAllThreads (Deoptimize) done
Event: 3.796 Executing VM operation: ICBufferFull
Event: 3.796 Executing VM operation: ICBufferFull done
Event: 3.817 Executing VM operation: G1CollectForAllocation (G1 Evacuation Pause)

Memory protections (0 events):
No events

Nmethod flushes (20 events):
Event: 2.233 Thread 0x000001c312fed8f0 flushing  nmethod 0x000001c31861c090
Event: 2.233 Thread 0x000001c312fed8f0 flushing  nmethod 0x000001c318625910
Event: 2.233 Thread 0x000001c312fed8f0 flushing  nmethod 0x000001c318625e10
Event: 2.233 Thread 0x000001c312fed8f0 flushing  nmethod 0x000001c318628890
Event: 2.233 Thread 0x000001c312fed8f0 flushing  nmethod 0x000001c318628d90
Event: 2.233 Thread 0x000001c312fed8f0 flushing  nmethod 0x000001c318629590
Event: 2.233 Thread 0x000001c312fed8f0 flushing  nmethod 0x000001c318629e90
Event: 2.233 Thread 0x000001c312fed8f0 flushing  nmethod 0x000001c31862d590
Event: 2.233 Thread 0x000001c312fed8f0 flushing osr nmethod 0x000001c31862e810
Event: 2.233 Thread 0x000001c312fed8f0 flushing  nmethod 0x000001c318635090
Event: 2.233 Thread 0x000001c312fed8f0 flushing  nmethod 0x000001c31863b790
Event: 2.233 Thread 0x000001c312fed8f0 flushing  nmethod 0x000001c31866d590
Event: 2.233 Thread 0x000001c312fed8f0 flushing  nmethod 0x000001c31866df90
Event: 2.233 Thread 0x000001c312fed8f0 flushing  nmethod 0x000001c31866e510
Event: 2.233 Thread 0x000001c312fed8f0 flushing  nmethod 0x000001c31866f510
Event: 2.233 Thread 0x000001c312fed8f0 flushing  nmethod 0x000001c318685f10
Event: 2.233 Thread 0x000001c312fed8f0 flushing  nmethod 0x000001c318688b90
Event: 2.233 Thread 0x000001c312fed8f0 flushing  nmethod 0x000001c31869b710
Event: 2.233 Thread 0x000001c312fed8f0 flushing  nmethod 0x000001c3186f7490
Event: 2.233 Thread 0x000001c312fed8f0 flushing  nmethod 0x000001c3186f7e90

Events (19 events):
Event: 0.008 Thread 0x000001c31300f760 Thread added: 0x000001c31300f760
Event: 0.040 Thread 0x000001c31300f760 Thread added: 0x000001c33109e9b0
Event: 0.041 Thread 0x000001c31300f760 Thread added: 0x000001c3310a1410
Event: 0.041 Thread 0x000001c31300f760 Thread added: 0x000001c3310a44e0
Event: 0.041 Thread 0x000001c31300f760 Thread added: 0x000001c3310a2250
Event: 0.041 Thread 0x000001c31300f760 Thread added: 0x000001c3310a2ca0
Event: 0.041 Thread 0x000001c31300f760 Thread added: 0x000001c33108afa0
Event: 0.041 Thread 0x000001c31300f760 Thread added: 0x000001c33108b9f0
Event: 0.041 Thread 0x000001c31300f760 Thread added: 0x000001c33108c480
Event: 0.061 Thread 0x000001c31300f760 Thread added: 0x000001c33126bfb0
Event: 0.064 Thread 0x000001c31300f760 Thread added: 0x000001c3312669b0
Event: 0.070 Loaded shared library D:\Android\Android Studio\jbr\bin\net.dll
Event: 0.071 Loaded shared library D:\Android\Android Studio\jbr\bin\nio.dll
Event: 0.088 Thread 0x000001c33108b9f0 Thread added: 0x000001c331270f40
Event: 0.088 Thread 0x000001c33108b9f0 Thread added: 0x000001c3312715e0
Event: 0.093 Loaded shared library D:\Android\Android Studio\jbr\bin\zip.dll
Event: 0.115 Loaded shared library D:\Android\Android Studio\jbr\bin\jimage.dll
Event: 1.303 Thread 0x000001c3312715e0 Thread exited: 0x000001c3312715e0
Event: 1.495 Thread 0x000001c33108c480 Thread added: 0x000001c3332bc6d0


Dynamic libraries:
0x00007ff646340000 - 0x00007ff64634a000 	D:\Android\Android Studio\jbr\bin\java.exe
0x00007ffcacee0000 - 0x00007ffcad143000 	C:\WINDOWS\SYSTEM32\ntdll.dll
0x00007ffcac1b0000 - 0x00007ffcac277000 	C:\WINDOWS\System32\KERNEL32.DLL
0x00007ffcaa2f0000 - 0x00007ffcaa691000 	C:\WINDOWS\System32\KERNELBASE.dll
0x00007ffcaac10000 - 0x00007ffcaad5b000 	C:\WINDOWS\System32\ucrtbase.dll
0x00007ffc7ea00000 - 0x00007ffc7ea18000 	D:\Android\Android Studio\jbr\bin\jli.dll
0x00007ffca5ac0000 - 0x00007ffca5adb000 	D:\Android\Android Studio\jbr\bin\VCRUNTIME140.dll
0x00007ffcabd00000 - 0x00007ffcabec3000 	C:\WINDOWS\System32\USER32.dll
0x00007ffcaa8c0000 - 0x00007ffcaa8e7000 	C:\WINDOWS\System32\win32u.dll
0x00007ffcacdf0000 - 0x00007ffcace1a000 	C:\WINDOWS\System32\GDI32.dll
0x00007ffc8b040000 - 0x00007ffc8b2d0000 	C:\WINDOWS\WinSxS\amd64_microsoft.windows.common-controls_6595b64144ccf1df_6.0.26100.1591_none_3e0fac18e32dc903\COMCTL32.dll
0x00007ffcaaa30000 - 0x00007ffcaab51000 	C:\WINDOWS\System32\gdi32full.dll
0x00007ffcaaf90000 - 0x00007ffcab039000 	C:\WINDOWS\System32\msvcrt.dll
0x00007ffcaab60000 - 0x00007ffcaac03000 	C:\WINDOWS\System32\msvcp_win.dll
0x00007ffcacd50000 - 0x00007ffcacd7f000 	C:\WINDOWS\System32\IMM32.DLL
0x00007ffca5da0000 - 0x00007ffca5dac000 	D:\Android\Android Studio\jbr\bin\vcruntime140_1.dll
0x00007ffc699d0000 - 0x00007ffc69a5d000 	D:\Android\Android Studio\jbr\bin\msvcp140.dll
0x00007ffc61ed0000 - 0x00007ffc62b5a000 	D:\Android\Android Studio\jbr\bin\server\jvm.dll
0x00007ffcac3a0000 - 0x00007ffcac452000 	C:\WINDOWS\System32\ADVAPI32.dll
0x00007ffcacb60000 - 0x00007ffcacc07000 	C:\WINDOWS\System32\sechost.dll
0x00007ffcac280000 - 0x00007ffcac396000 	C:\WINDOWS\System32\RPCRT4.dll
0x00007ffcaccd0000 - 0x00007ffcacd44000 	C:\WINDOWS\System32\WS2_32.dll
0x00007ffca94a0000 - 0x00007ffca94ee000 	C:\WINDOWS\SYSTEM32\POWRPROF.dll
0x00007ffc98450000 - 0x00007ffc98486000 	C:\WINDOWS\SYSTEM32\WINMM.dll
0x00007ffca1a30000 - 0x00007ffca1a3b000 	C:\WINDOWS\SYSTEM32\VERSION.dll
0x00007ffca93f0000 - 0x00007ffca9404000 	C:\WINDOWS\SYSTEM32\UMPDC.dll
0x00007ffca91c0000 - 0x00007ffca91da000 	C:\WINDOWS\SYSTEM32\kernel.appcore.dll
0x00007ffca5ab0000 - 0x00007ffca5aba000 	D:\Android\Android Studio\jbr\bin\jimage.dll
0x00007ffca7c00000 - 0x00007ffca7e41000 	C:\WINDOWS\SYSTEM32\DBGHELP.DLL
0x00007ffcab380000 - 0x00007ffcab6fc000 	C:\WINDOWS\System32\combase.dll
0x00007ffcabc10000 - 0x00007ffcabce6000 	C:\WINDOWS\System32\OLEAUT32.dll
0x00007ffc596b0000 - 0x00007ffc596e9000 	C:\WINDOWS\SYSTEM32\dbgcore.DLL
0x00007ffcaa6a0000 - 0x00007ffcaa739000 	C:\WINDOWS\System32\bcryptPrimitives.dll
0x00007ffca44a0000 - 0x00007ffca44c0000 	D:\Android\Android Studio\jbr\bin\java.dll
0x00007ffca43d0000 - 0x00007ffca43e8000 	D:\Android\Android Studio\jbr\bin\zip.dll
0x00007ffcac460000 - 0x00007ffcacb56000 	C:\WINDOWS\System32\SHELL32.dll
0x00007ffca8090000 - 0x00007ffca88ba000 	C:\WINDOWS\SYSTEM32\windows.storage.dll
0x00007ffcab2a0000 - 0x00007ffcab373000 	C:\WINDOWS\System32\SHCORE.dll
0x00007ffcaaee0000 - 0x00007ffcaaf3d000 	C:\WINDOWS\System32\shlwapi.dll
0x00007ffcaa210000 - 0x00007ffcaa239000 	C:\WINDOWS\SYSTEM32\profapi.dll
0x00007ffca5690000 - 0x00007ffca56a0000 	D:\Android\Android Studio\jbr\bin\net.dll
0x00007ffca44c0000 - 0x00007ffca45e6000 	C:\WINDOWS\SYSTEM32\WINHTTP.dll
0x00007ffca9760000 - 0x00007ffca97c8000 	C:\WINDOWS\system32\mswsock.dll
0x00007ffc8a560000 - 0x00007ffc8a576000 	D:\Android\Android Studio\jbr\bin\nio.dll
0x00007ffc88a50000 - 0x00007ffc88a60000 	D:\Android\Android Studio\jbr\bin\verify.dll

dbghelp: loaded successfully - version: 4.0.5 - missing functions: none
symbol engine: initialized successfully - sym options: 0x614 - pdb path: .;D:\Android\Android Studio\jbr\bin;C:\WINDOWS\SYSTEM32;C:\WINDOWS\WinSxS\amd64_microsoft.windows.common-controls_6595b64144ccf1df_6.0.26100.1591_none_3e0fac18e32dc903;D:\Android\Android Studio\jbr\bin\server

VM Arguments:
java_command: org.jetbrains.kotlin.cli.jvm.K2JVMCompiler @D:\SpydarSense\App\app\build\20250221_8306758547073203295.compiler.options
java_class_path (initial): C:\Users\Ali\.gradle\caches\modules-2\files-2.1\org.jetbrains.kotlin\kotlin-compiler-embeddable\2.0.0\1de310de3446414381282ffc46c3ed3919a4d1da\kotlin-compiler-embeddable-2.0.0.jar;C:\Users\Ali\.gradle\caches\modules-2\files-2.1\org.jetbrains.kotlin\kotlin-stdlib\2.0.0\b48df2c4aede9586cc931ead433bc02d6fd7879e\kotlin-stdlib-2.0.0.jar;C:\Users\Ali\.gradle\caches\modules-2\files-2.1\org.jetbrains.kotlin\kotlin-script-runtime\2.0.0\fdc27dd047d592fa41d2dfa21e7621287a361612\kotlin-script-runtime-2.0.0.jar;C:\Users\Ali\.gradle\caches\modules-2\files-2.1\org.jetbrains.kotlin\kotlin-reflect\1.6.10\1cbe9c92c12a94eea200d23c2bbaedaf3daf5132\kotlin-reflect-1.6.10.jar;C:\Users\Ali\.gradle\caches\modules-2\files-2.1\org.jetbrains.kotlin\kotlin-daemon-embeddable\2.0.0\b39c612768614c4428c96ee9c65477181fffe9d\kotlin-daemon-embeddable-2.0.0.jar;C:\Users\Ali\.gradle\caches\modules-2\files-2.1\org.jetbrains.intellij.deps\trove4j\1.0.20200330\3afb14d5f9ceb459d724e907a21145e8ff394f02\trove4j-1.0.20200330.jar;C:\Users\Ali\.gradle\caches\modules-2\files-2.1\org.jetbrains\annotations\13.0\919f0dfe192fb4e063e7dacadee7f8bb9a2672a9\annotations-13.0.jar
Launcher Type: SUN_STANDARD

[Global flags]
     intx CICompilerCount                          = 4                                         {product} {ergonomic}
     uint ConcGCThreads                            = 3                                         {product} {ergonomic}
     uint G1ConcRefinementThreads                  = 10                                        {product} {ergonomic}
   size_t G1HeapRegionSize                         = 1048576                                   {product} {ergonomic}
    uintx GCDrainStackTargetSize                   = 64                                        {product} {ergonomic}
   size_t InitialHeapSize                          = 130023424                                 {product} {ergonomic}
   size_t MarkStackSize                            = 4194304                                   {product} {ergonomic}
   size_t MaxHeapSize                              = 2053111808                                {product} {ergonomic}
   size_t MaxNewSize                               = 1231028224                                {product} {ergonomic}
   size_t MinHeapDeltaBytes                        = 1048576                                   {product} {ergonomic}
   size_t MinHeapSize                              = 8388608                                   {product} {ergonomic}
    uintx NonNMethodCodeHeapSize                   = 5839372                                {pd product} {ergonomic}
    uintx NonProfiledCodeHeapSize                  = 122909434                              {pd product} {ergonomic}
    uintx ProfiledCodeHeapSize                     = 122909434                              {pd product} {ergonomic}
    uintx ReservedCodeCacheSize                    = 251658240                              {pd product} {ergonomic}
     bool SegmentedCodeCache                       = true                                      {product} {ergonomic}
   size_t SoftMaxHeapSize                          = 2053111808                             {manageable} {ergonomic}
     bool UseCompressedOops                        = true                           {product lp64_product} {ergonomic}
     bool UseG1GC                                  = true                                      {product} {ergonomic}
     bool UseLargePagesIndividualAllocation        = false                                  {pd product} {ergonomic}

Logging:
Log output configuration:
 #0: stdout all=warning uptime,level,tags foldmultilines=false
 #1: stderr all=off uptime,level,tags foldmultilines=false

Environment Variables:
PATH=C:\WINDOWS\system32;C:\WINDOWS;C:\WINDOWS\System32\Wbem;C:\WINDOWS\System32\WindowsPowerShell\v1.0\;C:\WINDOWS\System32\OpenSSH\;C:\Program Files (x86)\NVIDIA Corporation\PhysX\Common;C:\Program Files\Git\cmd;C:\Users\Ali\AppData\Local\Microsoft\WindowsApps;D:\Android\SDK\platform-tools;D:\scrcpy-win64-v3.1;
USERNAME=Ali
OS=Windows_NT
PROCESSOR_IDENTIFIER=Intel64 Family 6 Model 141 Stepping 1, GenuineIntel
TMP=C:\Users\Ali\AppData\Local\Temp
TEMP=C:\Users\Ali\AppData\Local\Temp




Periodic native trim disabled

JNI global refs:
JNI global refs: 14, weak refs: 17

JNI global refs memory usage: 835, weak refs: 833

Process memory usage:
Resident Set Size: 355060K (4% of 8017892K total physical memory with 724828K free physical memory)

OOME stack traces (most recent first):
Classloader memory used:
Loader jdk.internal.loader.ClassLoaders$AppClassLoader                                 : 51842K
Loader bootstrap                                                                       : 11002K
Loader java.net.URLClassLoader                                                         : 266K

---------------  S Y S T E M  ---------------

OS:
 Windows 11 , 64 bit Build 26100 (10.0.26100.1591)
OS uptime: 0 days 11:21 hours
Hyper-V role detected

CPU: total 12 (initial active 12) (6 cores per cpu, 2 threads per core) family 6 model 141 stepping 1 microcode 0x4e, cx8, cmov, fxsr, ht, mmx, 3dnowpref, sse, sse2, sse3, ssse3, sse4.1, sse4.2, popcnt, lzcnt, tsc, tscinvbit, avx, avx2, aes, erms, clmul, bmi1, bmi2, adx, avx512f, avx512dq, avx512cd, avx512bw, avx512vl, sha, fma, vzeroupper, avx512_vpopcntdq, avx512_vpclmulqdq, avx512_vaes, avx512_vnni, clflush, clflushopt, clwb, avx512_vbmi2, avx512_vbmi, hv, rdtscp, rdpid, fsrm, gfni, avx512_bitalg, f16c, cet_ibt, cet_ss, avx512_ifma
Processor Information for all 12 processors :
  Max Mhz: 2688, Current Mhz: 2688, Mhz Limit: 2688

Memory: 4k page, system-wide physical 7829M (707M free)
TotalPageFile size 15248M (AvailPageFile size 39M)
current process WorkingSet (physical memory assigned to process): 346M, peak: 346M
current process commit charge ("private bytes"): 379M, peak: 424M

vm_info: OpenJDK 64-Bit Server VM (21.0.5+-12932927-b750.29) for windows-amd64 JRE (21.0.5+-12932927-b750.29), built on 2025-01-17T02:01:10Z by "builder" with MS VC++ 16.10 / 16.11 (VS2019)

END.
